<?xml version="1.0" encoding="UTF-8"?>
<testsuite name="edu.mum.coffee.OrderServiceTest" time="2.028" tests="6" errors="6" skipped="0" failures="0">
  <properties>
[...]
</properties>
  <testcase name="testFindByPerson" classname="edu.mum.coffee.OrderServiceTest" time="0.903">
    <error message="Validation failed for classes [edu.mum.coffee.domain.Product] during persist time for groups [javax.validation.groups.Default, ]&#10;List of constraint violations:[&#10;	ConstraintViolationImpl{interpolatedMessage=&apos;must be less than or equal to 50.0&apos;, propertyPath=price, rootBeanClass=class edu.mum.coffee.domain.Product, messageTemplate=&apos;{javax.validation.constraints.DecimalMax.message}&apos;}&#10;]" type="javax.validation.ConstraintViolationException"><![CDATA[javax.validation.ConstraintViolationException: Validation failed for classes [edu.mum.coffee.domain.Product] during persist time for groups [javax.validation.groups.Default, ]
List of constraint violations:[
	ConstraintViolationImpl{interpolatedMessage='must be less than or equal to 50.0', propertyPath=price, rootBeanClass=class edu.mum.coffee.domain.Product, messageTemplate='{javax.validation.constraints.DecimalMax.message}'}
]
	at org.hibernate.cfg.beanvalidation.BeanValidationEventListener.validate(BeanValidationEventListener.java:138)
	at org.hibernate.cfg.beanvalidation.BeanValidationEventListener.onPreInsert(BeanValidationEventListener.java:78)
	at org.hibernate.action.internal.EntityIdentityInsertAction.preInsert(EntityIdentityInsertAction.java:197)
	at org.hibernate.action.internal.EntityIdentityInsertAction.execute(EntityIdentityInsertAction.java:75)
	at org.hibernate.engine.spi.ActionQueue.execute(ActionQueue.java:619)
	at org.hibernate.engine.spi.ActionQueue.addResolvedEntityInsertAction(ActionQueue.java:273)
	at org.hibernate.engine.spi.ActionQueue.addInsertAction(ActionQueue.java:254)
	at org.hibernate.engine.spi.ActionQueue.addAction(ActionQueue.java:299)
	at org.hibernate.event.internal.AbstractSaveEventListener.addInsertAction(AbstractSaveEventListener.java:317)
	at org.hibernate.event.internal.AbstractSaveEventListener.performSaveOrReplicate(AbstractSaveEventListener.java:272)
	at org.hibernate.event.internal.AbstractSaveEventListener.performSave(AbstractSaveEventListener.java:178)
	at org.hibernate.event.internal.AbstractSaveEventListener.saveWithGeneratedId(AbstractSaveEventListener.java:109)
	at org.hibernate.jpa.event.internal.core.JpaPersistEventListener.saveWithGeneratedId(JpaPersistEventListener.java:67)
	at org.hibernate.event.internal.DefaultPersistEventListener.entityIsTransient(DefaultPersistEventListener.java:189)
	at org.hibernate.event.internal.DefaultPersistEventListener.onPersist(DefaultPersistEventListener.java:132)
	at org.hibernate.event.internal.DefaultPersistEventListener.onPersist(DefaultPersistEventListener.java:58)
	at org.hibernate.internal.SessionImpl.firePersist(SessionImpl.java:775)
	at org.hibernate.internal.SessionImpl.persist(SessionImpl.java:748)
	at org.hibernate.internal.SessionImpl.persist(SessionImpl.java:753)
	at org.hibernate.jpa.spi.AbstractEntityManagerImpl.persist(AbstractEntityManagerImpl.java:1146)
	at sun.reflect.NativeMethodAccessorImpl.invoke0(Native Method)
	at sun.reflect.NativeMethodAccessorImpl.invoke(NativeMethodAccessorImpl.java:62)
	at sun.reflect.DelegatingMethodAccessorImpl.invoke(DelegatingMethodAccessorImpl.java:43)
	at java.lang.reflect.Method.invoke(Method.java:498)
	at org.springframework.orm.jpa.SharedEntityManagerCreator$SharedEntityManagerInvocationHandler.invoke(SharedEntityManagerCreator.java:298)
	at com.sun.proxy.$Proxy99.persist(Unknown Source)
	at org.springframework.data.jpa.repository.support.SimpleJpaRepository.save(SimpleJpaRepository.java:508)
	at sun.reflect.NativeMethodAccessorImpl.invoke0(Native Method)
	at sun.reflect.NativeMethodAccessorImpl.invoke(NativeMethodAccessorImpl.java:62)
	at sun.reflect.DelegatingMethodAccessorImpl.invoke(DelegatingMethodAccessorImpl.java:43)
	at java.lang.reflect.Method.invoke(Method.java:498)
	at org.springframework.data.repository.core.support.RepositoryFactorySupport$QueryExecutorMethodInterceptor.executeMethodOn(RepositoryFactorySupport.java:504)
	at org.springframework.data.repository.core.support.RepositoryFactorySupport$QueryExecutorMethodInterceptor.doInvoke(RepositoryFactorySupport.java:489)
	at org.springframework.data.repository.core.support.RepositoryFactorySupport$QueryExecutorMethodInterceptor.invoke(RepositoryFactorySupport.java:461)
	at org.springframework.aop.framework.ReflectiveMethodInvocation.proceed(ReflectiveMethodInvocation.java:179)
	at org.springframework.data.projection.DefaultMethodInvokingMethodInterceptor.invoke(DefaultMethodInvokingMethodInterceptor.java:61)
	at org.springframework.aop.framework.ReflectiveMethodInvocation.proceed(ReflectiveMethodInvocation.java:179)
	at org.springframework.transaction.interceptor.TransactionInterceptor$1.proceedWithInvocation(TransactionInterceptor.java:99)
	at org.springframework.transaction.interceptor.TransactionAspectSupport.invokeWithinTransaction(TransactionAspectSupport.java:282)
	at org.springframework.transaction.interceptor.TransactionInterceptor.invoke(TransactionInterceptor.java:96)
	at org.springframework.aop.framework.ReflectiveMethodInvocation.proceed(ReflectiveMethodInvocation.java:179)
	at org.springframework.dao.support.PersistenceExceptionTranslationInterceptor.invoke(PersistenceExceptionTranslationInterceptor.java:136)
	at org.springframework.aop.framework.ReflectiveMethodInvocation.proceed(ReflectiveMethodInvocation.java:179)
	at org.springframework.data.jpa.repository.support.CrudMethodMetadataPostProcessor$CrudMethodMetadataPopulatingMethodInterceptor.invoke(CrudMethodMetadataPostProcessor.java:133)
	at org.springframework.aop.framework.ReflectiveMethodInvocation.proceed(ReflectiveMethodInvocation.java:179)
	at org.springframework.aop.interceptor.ExposeInvocationInterceptor.invoke(ExposeInvocationInterceptor.java:92)
	at org.springframework.aop.framework.ReflectiveMethodInvocation.proceed(ReflectiveMethodInvocation.java:179)
	at org.springframework.data.repository.core.support.SurroundingTransactionDetectorMethodInterceptor.invoke(SurroundingTransactionDetectorMethodInterceptor.java:57)
	at org.springframework.aop.framework.ReflectiveMethodInvocation.proceed(ReflectiveMethodInvocation.java:179)
	at org.springframework.aop.framework.JdkDynamicAopProxy.invoke(JdkDynamicAopProxy.java:213)
	at com.sun.proxy.$Proxy104.save(Unknown Source)
	at edu.mum.coffee.service.ProductService.save(ProductService.java:21)
	at edu.mum.coffee.service.ProductService$$FastClassBySpringCGLIB$$60d18700.invoke(<generated>)
	at org.springframework.cglib.proxy.MethodProxy.invoke(MethodProxy.java:204)
	at org.springframework.aop.framework.CglibAopProxy$CglibMethodInvocation.invokeJoinpoint(CglibAopProxy.java:738)
	at org.springframework.aop.framework.ReflectiveMethodInvocation.proceed(ReflectiveMethodInvocation.java:157)
	at org.springframework.transaction.interceptor.TransactionInterceptor$1.proceedWithInvocation(TransactionInterceptor.java:99)
	at org.springframework.transaction.interceptor.TransactionAspectSupport.invokeWithinTransaction(TransactionAspectSupport.java:282)
	at org.springframework.transaction.interceptor.TransactionInterceptor.invoke(TransactionInterceptor.java:96)
	at org.springframework.aop.framework.ReflectiveMethodInvocation.proceed(ReflectiveMethodInvocation.java:179)
	at org.springframework.aop.framework.CglibAopProxy$DynamicAdvisedInterceptor.intercept(CglibAopProxy.java:673)
	at edu.mum.coffee.service.ProductService$$EnhancerBySpringCGLIB$$24ef24da.save(<generated>)
	at edu.mum.coffee.OrderServiceTest.createProducts(OrderServiceTest.java:217)
	at edu.mum.coffee.OrderServiceTest.setUp(OrderServiceTest.java:53)
]]></error>
    <system-out><![CDATA[20:00:48.533 [main] DEBUG org.springframework.test.context.junit4.SpringJUnit4ClassRunner - SpringJUnit4ClassRunner constructor called with [class edu.mum.coffee.OrderServiceTest]
20:00:48.551 [main] DEBUG org.springframework.test.context.BootstrapUtils - Instantiating CacheAwareContextLoaderDelegate from class [org.springframework.test.context.cache.DefaultCacheAwareContextLoaderDelegate]
20:00:48.596 [main] DEBUG org.springframework.test.context.BootstrapUtils - Instantiating BootstrapContext using constructor [public org.springframework.test.context.support.DefaultBootstrapContext(java.lang.Class,org.springframework.test.context.CacheAwareContextLoaderDelegate)]
20:00:48.624 [main] DEBUG org.springframework.test.context.BootstrapUtils - Instantiating TestContextBootstrapper for test class [edu.mum.coffee.OrderServiceTest] from class [org.springframework.boot.test.context.SpringBootTestContextBootstrapper]
20:00:48.673 [main] INFO org.springframework.boot.test.context.SpringBootTestContextBootstrapper - Neither @ContextConfiguration nor @ContextHierarchy found for test class [edu.mum.coffee.OrderServiceTest], using SpringBootContextLoader
20:00:48.679 [main] DEBUG org.springframework.test.context.support.AbstractContextLoader - Did not detect default resource location for test class [edu.mum.coffee.OrderServiceTest]: class path resource [edu/mum/coffee/OrderServiceTest-context.xml] does not exist
20:00:48.679 [main] DEBUG org.springframework.test.context.support.AbstractContextLoader - Did not detect default resource location for test class [edu.mum.coffee.OrderServiceTest]: class path resource [edu/mum/coffee/OrderServiceTestContext.groovy] does not exist
20:00:48.680 [main] INFO org.springframework.test.context.support.AbstractContextLoader - Could not detect default resource locations for test class [edu.mum.coffee.OrderServiceTest]: no resource found for suffixes {-context.xml, Context.groovy}.
20:00:48.681 [main] INFO org.springframework.test.context.support.AnnotationConfigContextLoaderUtils - Could not detect default configuration classes for test class [edu.mum.coffee.OrderServiceTest]: OrderServiceTest does not declare any static, non-private, non-final, nested classes annotated with @Configuration.
20:00:48.808 [main] DEBUG org.springframework.test.context.support.ActiveProfilesUtils - Could not find an 'annotation declaring class' for annotation type [org.springframework.test.context.ActiveProfiles] and class [edu.mum.coffee.OrderServiceTest]
20:00:48.854 [main] DEBUG org.springframework.core.env.StandardEnvironment - Adding [systemProperties] PropertySource with lowest search precedence
20:00:48.855 [main] DEBUG org.springframework.core.env.StandardEnvironment - Adding [systemEnvironment] PropertySource with lowest search precedence
20:00:48.856 [main] DEBUG org.springframework.core.env.StandardEnvironment - Initialized StandardEnvironment with PropertySources [systemProperties,systemEnvironment]
20:00:48.885 [main] DEBUG org.springframework.core.io.support.PathMatchingResourcePatternResolver - Resolved classpath location [edu/mum/coffee/] to resources [URL [file:/C:/Users/gebre/Desktop/WAA%40Arrocha/WAA%40Project_Final/coffeShop_waa_project/coffeeShop/target/test-classes/edu/mum/coffee/], URL [file:/C:/Users/gebre/Desktop/WAA%40Arrocha/WAA%40Project_Final/coffeShop_waa_project/coffeeShop/target/classes/edu/mum/coffee/]]
20:00:48.889 [main] DEBUG org.springframework.core.io.support.PathMatchingResourcePatternResolver - Looking for matching resources in directory tree [C:\Users\gebre\Desktop\WAA@Arrocha\WAA@Project_Final\coffeShop_waa_project\coffeeShop\target\test-classes\edu\mum\coffee]
20:00:48.890 [main] DEBUG org.springframework.core.io.support.PathMatchingResourcePatternResolver - Searching directory [C:\Users\gebre\Desktop\WAA@Arrocha\WAA@Project_Final\coffeShop_waa_project\coffeeShop\target\test-classes\edu\mum\coffee] for files matching pattern [C:/Users/gebre/Desktop/WAA@Arrocha/WAA@Project_Final/coffeShop_waa_project/coffeeShop/target/test-classes/edu/mum/coffee/*.class]
20:00:48.898 [main] DEBUG org.springframework.core.io.support.PathMatchingResourcePatternResolver - Looking for matching resources in directory tree [C:\Users\gebre\Desktop\WAA@Arrocha\WAA@Project_Final\coffeShop_waa_project\coffeeShop\target\classes\edu\mum\coffee]
20:00:48.899 [main] DEBUG org.springframework.core.io.support.PathMatchingResourcePatternResolver - Searching directory [C:\Users\gebre\Desktop\WAA@Arrocha\WAA@Project_Final\coffeShop_waa_project\coffeeShop\target\classes\edu\mum\coffee] for files matching pattern [C:/Users/gebre/Desktop/WAA@Arrocha/WAA@Project_Final/coffeShop_waa_project/coffeeShop/target/classes/edu/mum/coffee/*.class]
20:00:48.901 [main] DEBUG org.springframework.core.io.support.PathMatchingResourcePatternResolver - Resolved location pattern [classpath*:edu/mum/coffee/*.class] to resources [file [C:\Users\gebre\Desktop\WAA@Arrocha\WAA@Project_Final\coffeShop_waa_project\coffeeShop\target\test-classes\edu\mum\coffee\OrderServiceTest.class], file [C:\Users\gebre\Desktop\WAA@Arrocha\WAA@Project_Final\coffeShop_waa_project\coffeeShop\target\test-classes\edu\mum\coffee\PersonServiceTest.class], file [C:\Users\gebre\Desktop\WAA@Arrocha\WAA@Project_Final\coffeShop_waa_project\coffeeShop\target\test-classes\edu\mum\coffee\ProductServiceTest.class], file [C:\Users\gebre\Desktop\WAA@Arrocha\WAA@Project_Final\coffeShop_waa_project\coffeeShop\target\classes\edu\mum\coffee\CoffeShopApplication.class]]
20:00:49.025 [main] DEBUG org.springframework.context.annotation.ClassPathScanningCandidateComponentProvider - Identified candidate component class: file [C:\Users\gebre\Desktop\WAA@Arrocha\WAA@Project_Final\coffeShop_waa_project\coffeeShop\target\classes\edu\mum\coffee\CoffeShopApplication.class]
20:00:49.027 [main] INFO org.springframework.boot.test.context.SpringBootTestContextBootstrapper - Found @SpringBootConfiguration edu.mum.coffee.CoffeShopApplication for test class edu.mum.coffee.OrderServiceTest
20:00:49.032 [main] DEBUG org.springframework.boot.test.context.SpringBootTestContextBootstrapper - @TestExecutionListeners is not present for class [edu.mum.coffee.OrderServiceTest]: using defaults.
20:00:49.036 [main] INFO org.springframework.boot.test.context.SpringBootTestContextBootstrapper - Loaded default TestExecutionListener class names from location [META-INF/spring.factories]: [org.springframework.boot.test.mock.mockito.MockitoTestExecutionListener, org.springframework.boot.test.mock.mockito.ResetMocksTestExecutionListener, org.springframework.boot.test.autoconfigure.restdocs.RestDocsTestExecutionListener, org.springframework.boot.test.autoconfigure.web.client.MockRestServiceServerResetTestExecutionListener, org.springframework.boot.test.autoconfigure.web.servlet.MockMvcPrintOnlyOnFailureTestExecutionListener, org.springframework.boot.test.autoconfigure.web.servlet.WebDriverTestExecutionListener, org.springframework.test.context.web.ServletTestExecutionListener, org.springframework.test.context.support.DirtiesContextBeforeModesTestExecutionListener, org.springframework.test.context.support.DependencyInjectionTestExecutionListener, org.springframework.test.context.support.DirtiesContextTestExecutionListener, org.springframework.test.context.transaction.TransactionalTestExecutionListener, org.springframework.test.context.jdbc.SqlScriptsTestExecutionListener]
20:00:49.061 [main] INFO org.springframework.boot.test.context.SpringBootTestContextBootstrapper - Using TestExecutionListeners: [org.springframework.test.context.web.ServletTestExecutionListener@3c0a50da, org.springframework.test.context.support.DirtiesContextBeforeModesTestExecutionListener@646be2c3, org.springframework.boot.test.autoconfigure.SpringBootDependencyInjectionTestExecutionListener@797badd3, org.springframework.test.context.support.DirtiesContextTestExecutionListener@77be656f, org.springframework.test.context.transaction.TransactionalTestExecutionListener@19dc67c2, org.springframework.test.context.jdbc.SqlScriptsTestExecutionListener@221af3c0, org.springframework.boot.test.autoconfigure.restdocs.RestDocsTestExecutionListener@62bd765, org.springframework.boot.test.autoconfigure.web.servlet.MockMvcPrintOnlyOnFailureTestExecutionListener@23a5fd2, org.springframework.boot.test.autoconfigure.web.client.MockRestServiceServerResetTestExecutionListener@78a2da20, org.springframework.boot.test.mock.mockito.MockitoTestExecutionListener@dd3b207, org.springframework.boot.test.autoconfigure.web.servlet.WebDriverTestExecutionListener@551bdc27, org.springframework.boot.test.mock.mockito.ResetMocksTestExecutionListener@58fdd99]
20:00:49.062 [main] DEBUG org.springframework.test.context.junit4.SpringJUnit4ClassRunner - SpringJUnit4ClassRunner constructor called with [class edu.mum.coffee.PersonServiceTest]
20:00:49.062 [main] DEBUG org.springframework.test.context.BootstrapUtils - Instantiating CacheAwareContextLoaderDelegate from class [org.springframework.test.context.cache.DefaultCacheAwareContextLoaderDelegate]
20:00:49.063 [main] DEBUG org.springframework.test.context.BootstrapUtils - Instantiating BootstrapContext using constructor [public org.springframework.test.context.support.DefaultBootstrapContext(java.lang.Class,org.springframework.test.context.CacheAwareContextLoaderDelegate)]
20:00:49.063 [main] DEBUG org.springframework.test.context.BootstrapUtils - Instantiating TestContextBootstrapper for test class [edu.mum.coffee.PersonServiceTest] from class [org.springframework.boot.test.context.SpringBootTestContextBootstrapper]
20:00:49.065 [main] INFO org.springframework.boot.test.context.SpringBootTestContextBootstrapper - Neither @ContextConfiguration nor @ContextHierarchy found for test class [edu.mum.coffee.PersonServiceTest], using SpringBootContextLoader
20:00:49.065 [main] DEBUG org.springframework.test.context.support.AbstractContextLoader - Did not detect default resource location for test class [edu.mum.coffee.PersonServiceTest]: class path resource [edu/mum/coffee/PersonServiceTest-context.xml] does not exist
20:00:49.066 [main] DEBUG org.springframework.test.context.support.AbstractContextLoader - Did not detect default resource location for test class [edu.mum.coffee.PersonServiceTest]: class path resource [edu/mum/coffee/PersonServiceTestContext.groovy] does not exist
20:00:49.066 [main] INFO org.springframework.test.context.support.AbstractContextLoader - Could not detect default resource locations for test class [edu.mum.coffee.PersonServiceTest]: no resource found for suffixes {-context.xml, Context.groovy}.
20:00:49.066 [main] INFO org.springframework.test.context.support.AnnotationConfigContextLoaderUtils - Could not detect default configuration classes for test class [edu.mum.coffee.PersonServiceTest]: PersonServiceTest does not declare any static, non-private, non-final, nested classes annotated with @Configuration.
20:00:49.073 [main] DEBUG org.springframework.test.context.support.ActiveProfilesUtils - Could not find an 'annotation declaring class' for annotation type [org.springframework.test.context.ActiveProfiles] and class [edu.mum.coffee.PersonServiceTest]
20:00:49.073 [main] DEBUG org.springframework.core.env.StandardEnvironment - Adding [systemProperties] PropertySource with lowest search precedence
20:00:49.074 [main] DEBUG org.springframework.core.env.StandardEnvironment - Adding [systemEnvironment] PropertySource with lowest search precedence
20:00:49.074 [main] DEBUG org.springframework.core.env.StandardEnvironment - Initialized StandardEnvironment with PropertySources [systemProperties,systemEnvironment]
20:00:49.074 [main] INFO org.springframework.boot.test.context.SpringBootTestContextBootstrapper - Found @SpringBootConfiguration edu.mum.coffee.CoffeShopApplication for test class edu.mum.coffee.PersonServiceTest
20:00:49.077 [main] DEBUG org.springframework.boot.test.context.SpringBootTestContextBootstrapper - @TestExecutionListeners is not present for class [edu.mum.coffee.PersonServiceTest]: using defaults.
20:00:49.080 [main] INFO org.springframework.boot.test.context.SpringBootTestContextBootstrapper - Loaded default TestExecutionListener class names from location [META-INF/spring.factories]: [org.springframework.boot.test.mock.mockito.MockitoTestExecutionListener, org.springframework.boot.test.mock.mockito.ResetMocksTestExecutionListener, org.springframework.boot.test.autoconfigure.restdocs.RestDocsTestExecutionListener, org.springframework.boot.test.autoconfigure.web.client.MockRestServiceServerResetTestExecutionListener, org.springframework.boot.test.autoconfigure.web.servlet.MockMvcPrintOnlyOnFailureTestExecutionListener, org.springframework.boot.test.autoconfigure.web.servlet.WebDriverTestExecutionListener, org.springframework.test.context.web.ServletTestExecutionListener, org.springframework.test.context.support.DirtiesContextBeforeModesTestExecutionListener, org.springframework.test.context.support.DependencyInjectionTestExecutionListener, org.springframework.test.context.support.DirtiesContextTestExecutionListener, org.springframework.test.context.transaction.TransactionalTestExecutionListener, org.springframework.test.context.jdbc.SqlScriptsTestExecutionListener]
20:00:49.082 [main] INFO org.springframework.boot.test.context.SpringBootTestContextBootstrapper - Using TestExecutionListeners: [org.springframework.test.context.web.ServletTestExecutionListener@52aa2946, org.springframework.test.context.support.DirtiesContextBeforeModesTestExecutionListener@4de5031f, org.springframework.boot.test.autoconfigure.SpringBootDependencyInjectionTestExecutionListener@67e2d983, org.springframework.test.context.support.DirtiesContextTestExecutionListener@5d47c63f, org.springframework.test.context.transaction.TransactionalTestExecutionListener@5ea434c8, org.springframework.test.context.jdbc.SqlScriptsTestExecutionListener@3bbc39f8, org.springframework.boot.test.autoconfigure.restdocs.RestDocsTestExecutionListener@4ae3c1cd, org.springframework.boot.test.autoconfigure.web.servlet.MockMvcPrintOnlyOnFailureTestExecutionListener@29f69090, org.springframework.boot.test.autoconfigure.web.client.MockRestServiceServerResetTestExecutionListener@568bf312, org.springframework.boot.test.mock.mockito.MockitoTestExecutionListener@ca263c2, org.springframework.boot.test.autoconfigure.web.servlet.WebDriverTestExecutionListener@589b3632, org.springframework.boot.test.mock.mockito.ResetMocksTestExecutionListener@45f45fa1]
20:00:49.083 [main] DEBUG org.springframework.test.context.junit4.SpringJUnit4ClassRunner - SpringJUnit4ClassRunner constructor called with [class edu.mum.coffee.ProductServiceTest]
20:00:49.083 [main] DEBUG org.springframework.test.context.BootstrapUtils - Instantiating CacheAwareContextLoaderDelegate from class [org.springframework.test.context.cache.DefaultCacheAwareContextLoaderDelegate]
20:00:49.083 [main] DEBUG org.springframework.test.context.BootstrapUtils - Instantiating BootstrapContext using constructor [public org.springframework.test.context.support.DefaultBootstrapContext(java.lang.Class,org.springframework.test.context.CacheAwareContextLoaderDelegate)]
20:00:49.084 [main] DEBUG org.springframework.test.context.BootstrapUtils - Instantiating TestContextBootstrapper for test class [edu.mum.coffee.ProductServiceTest] from class [org.springframework.boot.test.context.SpringBootTestContextBootstrapper]
20:00:49.084 [main] INFO org.springframework.boot.test.context.SpringBootTestContextBootstrapper - Neither @ContextConfiguration nor @ContextHierarchy found for test class [edu.mum.coffee.ProductServiceTest], using SpringBootContextLoader
20:00:49.085 [main] DEBUG org.springframework.test.context.support.AbstractContextLoader - Did not detect default resource location for test class [edu.mum.coffee.ProductServiceTest]: class path resource [edu/mum/coffee/ProductServiceTest-context.xml] does not exist
20:00:49.086 [main] DEBUG org.springframework.test.context.support.AbstractContextLoader - Did not detect default resource location for test class [edu.mum.coffee.ProductServiceTest]: class path resource [edu/mum/coffee/ProductServiceTestContext.groovy] does not exist
20:00:49.086 [main] INFO org.springframework.test.context.support.AbstractContextLoader - Could not detect default resource locations for test class [edu.mum.coffee.ProductServiceTest]: no resource found for suffixes {-context.xml, Context.groovy}.
20:00:49.086 [main] INFO org.springframework.test.context.support.AnnotationConfigContextLoaderUtils - Could not detect default configuration classes for test class [edu.mum.coffee.ProductServiceTest]: ProductServiceTest does not declare any static, non-private, non-final, nested classes annotated with @Configuration.
20:00:49.091 [main] DEBUG org.springframework.test.context.support.ActiveProfilesUtils - Could not find an 'annotation declaring class' for annotation type [org.springframework.test.context.ActiveProfiles] and class [edu.mum.coffee.ProductServiceTest]
20:00:49.091 [main] DEBUG org.springframework.core.env.StandardEnvironment - Adding [systemProperties] PropertySource with lowest search precedence
20:00:49.091 [main] DEBUG org.springframework.core.env.StandardEnvironment - Adding [systemEnvironment] PropertySource with lowest search precedence
20:00:49.092 [main] DEBUG org.springframework.core.env.StandardEnvironment - Initialized StandardEnvironment with PropertySources [systemProperties,systemEnvironment]
20:00:49.092 [main] INFO org.springframework.boot.test.context.SpringBootTestContextBootstrapper - Found @SpringBootConfiguration edu.mum.coffee.CoffeShopApplication for test class edu.mum.coffee.ProductServiceTest
20:00:49.094 [main] DEBUG org.springframework.boot.test.context.SpringBootTestContextBootstrapper - @TestExecutionListeners is not present for class [edu.mum.coffee.ProductServiceTest]: using defaults.
20:00:49.096 [main] INFO org.springframework.boot.test.context.SpringBootTestContextBootstrapper - Loaded default TestExecutionListener class names from location [META-INF/spring.factories]: [org.springframework.boot.test.mock.mockito.MockitoTestExecutionListener, org.springframework.boot.test.mock.mockito.ResetMocksTestExecutionListener, org.springframework.boot.test.autoconfigure.restdocs.RestDocsTestExecutionListener, org.springframework.boot.test.autoconfigure.web.client.MockRestServiceServerResetTestExecutionListener, org.springframework.boot.test.autoconfigure.web.servlet.MockMvcPrintOnlyOnFailureTestExecutionListener, org.springframework.boot.test.autoconfigure.web.servlet.WebDriverTestExecutionListener, org.springframework.test.context.web.ServletTestExecutionListener, org.springframework.test.context.support.DirtiesContextBeforeModesTestExecutionListener, org.springframework.test.context.support.DependencyInjectionTestExecutionListener, org.springframework.test.context.support.DirtiesContextTestExecutionListener, org.springframework.test.context.transaction.TransactionalTestExecutionListener, org.springframework.test.context.jdbc.SqlScriptsTestExecutionListener]
20:00:49.103 [main] INFO org.springframework.boot.test.context.SpringBootTestContextBootstrapper - Using TestExecutionListeners: [org.springframework.test.context.web.ServletTestExecutionListener@3c153a1, org.springframework.test.context.support.DirtiesContextBeforeModesTestExecutionListener@b62fe6d, org.springframework.boot.test.autoconfigure.SpringBootDependencyInjectionTestExecutionListener@13acb0d1, org.springframework.test.context.support.DirtiesContextTestExecutionListener@3e3047e6, org.springframework.test.context.transaction.TransactionalTestExecutionListener@37e547da, org.springframework.test.context.jdbc.SqlScriptsTestExecutionListener@2b6856dd, org.springframework.boot.test.autoconfigure.restdocs.RestDocsTestExecutionListener@5db45159, org.springframework.boot.test.autoconfigure.web.servlet.MockMvcPrintOnlyOnFailureTestExecutionListener@6107227e, org.springframework.boot.test.autoconfigure.web.client.MockRestServiceServerResetTestExecutionListener@7c417213, org.springframework.boot.test.mock.mockito.MockitoTestExecutionListener@15761df8, org.springframework.boot.test.autoconfigure.web.servlet.WebDriverTestExecutionListener@6ab7a896, org.springframework.boot.test.mock.mockito.ResetMocksTestExecutionListener@327b636c]
20:00:49.105 [main] DEBUG org.springframework.test.annotation.ProfileValueUtils - Retrieved @ProfileValueSourceConfiguration [null] for test class [edu.mum.coffee.OrderServiceTest]
20:00:49.106 [main] DEBUG org.springframework.test.annotation.ProfileValueUtils - Retrieved ProfileValueSource type [class org.springframework.test.annotation.SystemProfileValueSource] for class [edu.mum.coffee.OrderServiceTest]
20:00:49.107 [main] DEBUG org.springframework.test.annotation.ProfileValueUtils - Retrieved @ProfileValueSourceConfiguration [null] for test class [edu.mum.coffee.PersonServiceTest]
20:00:49.107 [main] DEBUG org.springframework.test.annotation.ProfileValueUtils - Retrieved ProfileValueSource type [class org.springframework.test.annotation.SystemProfileValueSource] for class [edu.mum.coffee.PersonServiceTest]
20:00:49.108 [main] DEBUG org.springframework.test.annotation.ProfileValueUtils - Retrieved @ProfileValueSourceConfiguration [null] for test class [edu.mum.coffee.ProductServiceTest]
20:00:49.108 [main] DEBUG org.springframework.test.annotation.ProfileValueUtils - Retrieved ProfileValueSource type [class org.springframework.test.annotation.SystemProfileValueSource] for class [edu.mum.coffee.ProductServiceTest]
20:00:49.111 [main] DEBUG org.springframework.test.context.junit4.SpringJUnit4ClassRunner - SpringJUnit4ClassRunner constructor called with [class edu.mum.coffee.OrderServiceTest]
20:00:49.111 [main] DEBUG org.springframework.test.context.BootstrapUtils - Instantiating CacheAwareContextLoaderDelegate from class [org.springframework.test.context.cache.DefaultCacheAwareContextLoaderDelegate]
20:00:49.111 [main] DEBUG org.springframework.test.context.BootstrapUtils - Instantiating BootstrapContext using constructor [public org.springframework.test.context.support.DefaultBootstrapContext(java.lang.Class,org.springframework.test.context.CacheAwareContextLoaderDelegate)]
20:00:49.112 [main] DEBUG org.springframework.test.context.BootstrapUtils - Instantiating TestContextBootstrapper for test class [edu.mum.coffee.OrderServiceTest] from class [org.springframework.boot.test.context.SpringBootTestContextBootstrapper]
20:00:49.115 [main] INFO org.springframework.boot.test.context.SpringBootTestContextBootstrapper - Neither @ContextConfiguration nor @ContextHierarchy found for test class [edu.mum.coffee.OrderServiceTest], using SpringBootContextLoader
20:00:49.116 [main] DEBUG org.springframework.test.context.support.AbstractContextLoader - Did not detect default resource location for test class [edu.mum.coffee.OrderServiceTest]: class path resource [edu/mum/coffee/OrderServiceTest-context.xml] does not exist
20:00:49.117 [main] DEBUG org.springframework.test.context.support.AbstractContextLoader - Did not detect default resource location for test class [edu.mum.coffee.OrderServiceTest]: class path resource [edu/mum/coffee/OrderServiceTestContext.groovy] does not exist
20:00:49.117 [main] INFO org.springframework.test.context.support.AbstractContextLoader - Could not detect default resource locations for test class [edu.mum.coffee.OrderServiceTest]: no resource found for suffixes {-context.xml, Context.groovy}.
20:00:49.117 [main] INFO org.springframework.test.context.support.AnnotationConfigContextLoaderUtils - Could not detect default configuration classes for test class [edu.mum.coffee.OrderServiceTest]: OrderServiceTest does not declare any static, non-private, non-final, nested classes annotated with @Configuration.
20:00:49.123 [main] DEBUG org.springframework.test.context.support.ActiveProfilesUtils - Could not find an 'annotation declaring class' for annotation type [org.springframework.test.context.ActiveProfiles] and class [edu.mum.coffee.OrderServiceTest]
20:00:49.125 [main] DEBUG org.springframework.core.env.StandardEnvironment - Adding [systemProperties] PropertySource with lowest search precedence
20:00:49.125 [main] DEBUG org.springframework.core.env.StandardEnvironment - Adding [systemEnvironment] PropertySource with lowest search precedence
20:00:49.126 [main] DEBUG org.springframework.core.env.StandardEnvironment - Initialized StandardEnvironment with PropertySources [systemProperties,systemEnvironment]
20:00:49.128 [main] INFO org.springframework.boot.test.context.SpringBootTestContextBootstrapper - Found @SpringBootConfiguration edu.mum.coffee.CoffeShopApplication for test class edu.mum.coffee.OrderServiceTest
20:00:49.132 [main] DEBUG org.springframework.boot.test.context.SpringBootTestContextBootstrapper - @TestExecutionListeners is not present for class [edu.mum.coffee.OrderServiceTest]: using defaults.
20:00:49.137 [main] INFO org.springframework.boot.test.context.SpringBootTestContextBootstrapper - Loaded default TestExecutionListener class names from location [META-INF/spring.factories]: [org.springframework.boot.test.mock.mockito.MockitoTestExecutionListener, org.springframework.boot.test.mock.mockito.ResetMocksTestExecutionListener, org.springframework.boot.test.autoconfigure.restdocs.RestDocsTestExecutionListener, org.springframework.boot.test.autoconfigure.web.client.MockRestServiceServerResetTestExecutionListener, org.springframework.boot.test.autoconfigure.web.servlet.MockMvcPrintOnlyOnFailureTestExecutionListener, org.springframework.boot.test.autoconfigure.web.servlet.WebDriverTestExecutionListener, org.springframework.test.context.web.ServletTestExecutionListener, org.springframework.test.context.support.DirtiesContextBeforeModesTestExecutionListener, org.springframework.test.context.support.DependencyInjectionTestExecutionListener, org.springframework.test.context.support.DirtiesContextTestExecutionListener, org.springframework.test.context.transaction.TransactionalTestExecutionListener, org.springframework.test.context.jdbc.SqlScriptsTestExecutionListener]
20:00:49.143 [main] INFO org.springframework.boot.test.context.SpringBootTestContextBootstrapper - Using TestExecutionListeners: [org.springframework.test.context.web.ServletTestExecutionListener@61dd025, org.springframework.test.context.support.DirtiesContextBeforeModesTestExecutionListener@124c278f, org.springframework.boot.test.autoconfigure.SpringBootDependencyInjectionTestExecutionListener@15b204a1, org.springframework.test.context.support.DirtiesContextTestExecutionListener@77167fb7, org.springframework.test.context.transaction.TransactionalTestExecutionListener@1fe20588, org.springframework.test.context.jdbc.SqlScriptsTestExecutionListener@6ce139a4, org.springframework.boot.test.autoconfigure.restdocs.RestDocsTestExecutionListener@6973bf95, org.springframework.boot.test.autoconfigure.web.servlet.MockMvcPrintOnlyOnFailureTestExecutionListener@2ddc8ecb, org.springframework.boot.test.autoconfigure.web.client.MockRestServiceServerResetTestExecutionListener@229d10bd, org.springframework.boot.test.mock.mockito.MockitoTestExecutionListener@47542153, org.springframework.boot.test.autoconfigure.web.servlet.WebDriverTestExecutionListener@33afa13b, org.springframework.boot.test.mock.mockito.ResetMocksTestExecutionListener@7a4ccb53]
20:00:49.144 [main] DEBUG org.springframework.test.annotation.ProfileValueUtils - Retrieved @ProfileValueSourceConfiguration [null] for test class [edu.mum.coffee.OrderServiceTest]
20:00:49.144 [main] DEBUG org.springframework.test.annotation.ProfileValueUtils - Retrieved ProfileValueSource type [class org.springframework.test.annotation.SystemProfileValueSource] for class [edu.mum.coffee.OrderServiceTest]
20:00:49.146 [main] DEBUG org.springframework.test.annotation.ProfileValueUtils - Retrieved @ProfileValueSourceConfiguration [null] for test class [edu.mum.coffee.OrderServiceTest]
20:00:49.146 [main] DEBUG org.springframework.test.annotation.ProfileValueUtils - Retrieved ProfileValueSource type [class org.springframework.test.annotation.SystemProfileValueSource] for class [edu.mum.coffee.OrderServiceTest]
20:00:49.154 [main] DEBUG org.springframework.test.context.support.AbstractDirtiesContextTestExecutionListener - Before test class: context [DefaultTestContext@56de5251 testClass = OrderServiceTest, testInstance = [null], testMethod = [null], testException = [null], mergedContextConfiguration = [WebMergedContextConfiguration@419c5f1a testClass = OrderServiceTest, locations = '{}', classes = '{class edu.mum.coffee.CoffeShopApplication}', contextInitializerClasses = '[]', activeProfiles = '{}', propertySourceLocations = '{}', propertySourceProperties = '{org.springframework.boot.test.context.SpringBootTestContextBootstrapper=true}', contextCustomizers = set[org.springframework.boot.test.context.SpringBootTestContextCustomizer@47ef968d, org.springframework.boot.test.context.filter.ExcludeFilterContextCustomizer@5ae63ade, org.springframework.boot.test.mock.mockito.MockitoContextCustomizer@0, org.springframework.boot.test.autoconfigure.properties.PropertyMappingContextCustomizer@0, org.springframework.boot.test.autoconfigure.web.servlet.WebDriverContextCustomizerFactory$Customizer@5d76b067], resourceBasePath = 'src/main/webapp', contextLoader = 'org.springframework.boot.test.context.SpringBootContextLoader', parent = [null]]], class annotated with @DirtiesContext [false] with mode [null].
20:00:49.156 [main] DEBUG org.springframework.test.annotation.ProfileValueUtils - Retrieved @ProfileValueSourceConfiguration [null] for test class [edu.mum.coffee.OrderServiceTest]
20:00:49.156 [main] DEBUG org.springframework.test.annotation.ProfileValueUtils - Retrieved ProfileValueSource type [class org.springframework.test.annotation.SystemProfileValueSource] for class [edu.mum.coffee.OrderServiceTest]
20:00:49.244 [main] DEBUG org.springframework.core.env.StandardEnvironment - Adding [systemProperties] PropertySource with lowest search precedence
20:00:49.244 [main] DEBUG org.springframework.core.env.StandardEnvironment - Adding [systemEnvironment] PropertySource with lowest search precedence
20:00:49.245 [main] DEBUG org.springframework.core.env.StandardEnvironment - Initialized StandardEnvironment with PropertySources [systemProperties,systemEnvironment]
20:00:49.246 [main] DEBUG org.springframework.core.env.MutablePropertySources - Adding [inline] PropertySource with highest search precedence
20:00:49.253 [main] DEBUG org.springframework.test.context.support.TestPropertySourceUtils - Adding inlined properties to environment: {spring.jmx.enabled=false, org.springframework.boot.test.context.SpringBootTestContextBootstrapper=true, server.port=-1}
20:00:49.254 [main] DEBUG org.springframework.core.env.StandardEnvironment - Adding [Inlined Test Properties] PropertySource with highest search precedence

  .   ____          _            __ _ _
 /\\ / ___'_ __ _ _(_)_ __  __ _ \ \ \ \
( ( )\___ | '_ | '_| | '_ \/ _` | \ \ \ \
 \\/  ___)| |_)| | | | | || (_| |  ) ) ) )
  '  |____| .__|_| |_|_| |_\__, | / / / /
 =========|_|==============|___/=/_/_/_/
 :: Spring Boot ::        (v1.5.3.RELEASE)

2017-06-20 20:00:49.573  INFO 12648 --- [           main] edu.mum.coffee.OrderServiceTest          : Starting OrderServiceTest on DESKTOP-7JUOS6L with PID 12648 (started by gebre in C:\Users\gebre\Desktop\WAA@Arrocha\WAA@Project_Final\coffeShop_waa_project\coffeeShop)
2017-06-20 20:00:49.574  INFO 12648 --- [           main] edu.mum.coffee.OrderServiceTest          : No active profile set, falling back to default profiles: default
2017-06-20 20:00:49.626  INFO 12648 --- [           main] o.s.w.c.s.GenericWebApplicationContext   : Refreshing org.springframework.web.context.support.GenericWebApplicationContext@1a6d8329: startup date [Tue Jun 20 20:00:49 CDT 2017]; root of context hierarchy
2017-06-20 20:00:52.096  INFO 12648 --- [           main] j.LocalContainerEntityManagerFactoryBean : Building JPA container EntityManagerFactory for persistence unit 'default'
2017-06-20 20:00:52.115  INFO 12648 --- [           main] o.hibernate.jpa.internal.util.LogHelper  : HHH000204: Processing PersistenceUnitInfo [
	name: default
	...]
2017-06-20 20:00:52.206  INFO 12648 --- [           main] org.hibernate.Version                    : HHH000412: Hibernate Core {5.0.12.Final}
2017-06-20 20:00:52.208  INFO 12648 --- [           main] org.hibernate.cfg.Environment            : HHH000206: hibernate.properties not found
2017-06-20 20:00:52.210  INFO 12648 --- [           main] org.hibernate.cfg.Environment            : HHH000021: Bytecode provider name : javassist
2017-06-20 20:00:52.257  INFO 12648 --- [           main] o.hibernate.annotations.common.Version   : HCANN000001: Hibernate Commons Annotations {5.0.1.Final}
2017-06-20 20:00:52.379  INFO 12648 --- [           main] org.hibernate.dialect.Dialect            : HHH000400: Using dialect: org.hibernate.dialect.MySQL5Dialect
2017-06-20 20:00:53.199  INFO 12648 --- [           main] j.LocalContainerEntityManagerFactoryBean : Initialized JPA EntityManagerFactory for persistence unit 'default'
2017-06-20 20:00:54.133  INFO 12648 --- [           main] o.s.s.web.DefaultSecurityFilterChain     : Creating filter chain: org.springframework.security.web.util.matcher.AnyRequestMatcher@1, [org.springframework.security.web.context.request.async.WebAsyncManagerIntegrationFilter@6b3f4bd8, org.springframework.security.web.context.SecurityContextPersistenceFilter@28cb86b2, org.springframework.security.web.header.HeaderWriterFilter@78065fcd, org.springframework.security.web.authentication.logout.LogoutFilter@5599b5bb, org.springframework.security.web.authentication.UsernamePasswordAuthenticationFilter@73aaec54, org.springframework.security.web.authentication.ui.DefaultLoginPageGeneratingFilter@7cdb7fc, org.springframework.security.web.savedrequest.RequestCacheAwareFilter@748904e8, org.springframework.security.web.servletapi.SecurityContextHolderAwareRequestFilter@4f235e8e, org.springframework.security.web.authentication.AnonymousAuthenticationFilter@3e151e1f, org.springframework.security.web.session.SessionManagementFilter@538b3c88, org.springframework.security.web.access.ExceptionTranslationFilter@6704df84, org.springframework.security.web.access.intercept.FilterSecurityInterceptor@70c491b8]
2017-06-20 20:00:54.403  INFO 12648 --- [           main] s.w.s.m.m.a.RequestMappingHandlerAdapter : Looking for @ControllerAdvice: org.springframework.web.context.support.GenericWebApplicationContext@1a6d8329: startup date [Tue Jun 20 20:00:49 CDT 2017]; root of context hierarchy
2017-06-20 20:00:54.498  INFO 12648 --- [           main] s.w.s.m.m.a.RequestMappingHandlerMapping : Mapped "{[/secure],methods=[GET]}" onto public java.lang.String edu.mum.coffee.controller.HomeController.securePage()
2017-06-20 20:00:54.499  INFO 12648 --- [           main] s.w.s.m.m.a.RequestMappingHandlerMapping : Mapped "{[/ || /index || /home],methods=[GET]}" onto public java.lang.String edu.mum.coffee.controller.HomeController.homePage()
2017-06-20 20:00:54.511  INFO 12648 --- [           main] s.w.s.m.m.a.RequestMappingHandlerMapping : Mapped "{[/findbyproduct],methods=[GET]}" onto public java.lang.String edu.mum.coffee.controller.OrderController.findByProduct(edu.mum.coffee.domain.Product,org.springframework.ui.Model)
2017-06-20 20:00:54.512  INFO 12648 --- [           main] s.w.s.m.m.a.RequestMappingHandlerMapping : Mapped "{[/findbyperson],methods=[GET]}" onto public java.lang.String edu.mum.coffee.controller.OrderController.findByPerson(edu.mum.coffee.domain.Person,org.springframework.ui.Model)
2017-06-20 20:00:54.512  INFO 12648 --- [           main] s.w.s.m.m.a.RequestMappingHandlerMapping : Mapped "{[/findbydate/{min}/{max}],methods=[GET]}" onto public java.lang.String edu.mum.coffee.controller.OrderController.findByDate(java.util.Date,java.util.Date,org.springframework.ui.Model)
2017-06-20 20:00:54.512  INFO 12648 --- [           main] s.w.s.m.m.a.RequestMappingHandlerMapping : Mapped "{[/orders/{id}],methods=[GET]}" onto public java.lang.String edu.mum.coffee.controller.OrderController.getOrder(int,org.springframework.ui.Model)
2017-06-20 20:00:54.513  INFO 12648 --- [           main] s.w.s.m.m.a.RequestMappingHandlerMapping : Mapped "{[/orders/update/{id}],methods=[PUT]}" onto public java.lang.String edu.mum.coffee.controller.OrderController.updateOrder(edu.mum.coffee.domain.Order,int)
2017-06-20 20:00:54.514  INFO 12648 --- [           main] s.w.s.m.m.a.RequestMappingHandlerMapping : Mapped "{[/addOrder],methods=[GET]}" onto public java.lang.String edu.mum.coffee.controller.OrderController.addOrderWebPage(org.springframework.ui.Model)
2017-06-20 20:00:54.514  INFO 12648 --- [           main] s.w.s.m.m.a.RequestMappingHandlerMapping : Mapped "{[/deleteorder/{id}],methods=[DELETE]}" onto public java.lang.String edu.mum.coffee.controller.OrderController.deleteOrder(edu.mum.coffee.domain.Order,int)
2017-06-20 20:00:54.514  INFO 12648 --- [           main] s.w.s.m.m.a.RequestMappingHandlerMapping : Mapped "{[/orders],methods=[GET]}" onto public java.lang.String edu.mum.coffee.controller.OrderController.getAllOrderss(org.springframework.ui.Model)
2017-06-20 20:00:54.515  INFO 12648 --- [           main] s.w.s.m.m.a.RequestMappingHandlerMapping : Mapped "{[/orders],methods=[POST]}" onto public java.lang.String edu.mum.coffee.controller.OrderController.saveOrder(edu.mum.coffee.domain.Order)
2017-06-20 20:00:54.517  INFO 12648 --- [           main] s.w.s.m.m.a.RequestMappingHandlerMapping : Mapped "{[/persons/{id}],methods=[GET]}" onto public java.lang.String edu.mum.coffee.controller.PersonController.getPerson(long,org.springframework.ui.Model)
2017-06-20 20:00:54.518  INFO 12648 --- [           main] s.w.s.m.m.a.RequestMappingHandlerMapping : Mapped "{[/persons],methods=[POST]}" onto public java.lang.String edu.mum.coffee.controller.PersonController.savePerson(edu.mum.coffee.domain.Person,edu.mum.coffee.domain.Address)
2017-06-20 20:00:54.518  INFO 12648 --- [           main] s.w.s.m.m.a.RequestMappingHandlerMapping : Mapped "{[/deleteperson/{id}],methods=[POST]}" onto public java.lang.String edu.mum.coffee.controller.PersonController.removePerson(edu.mum.coffee.domain.Person,long)
2017-06-20 20:00:54.518  INFO 12648 --- [           main] s.w.s.m.m.a.RequestMappingHandlerMapping : Mapped "{[/findbyemail],methods=[GET]}" onto public java.util.List<edu.mum.coffee.domain.Person> edu.mum.coffee.controller.PersonController.findByEmail(java.lang.String)
2017-06-20 20:00:54.519  INFO 12648 --- [           main] s.w.s.m.m.a.RequestMappingHandlerMapping : Mapped "{[/persons/update/{id}],methods=[POST]}" onto public java.lang.String edu.mum.coffee.controller.PersonController.updatePerson(edu.mum.coffee.domain.Person,long)
2017-06-20 20:00:54.519  INFO 12648 --- [           main] s.w.s.m.m.a.RequestMappingHandlerMapping : Mapped "{[/persons],methods=[GET]}" onto public java.lang.String edu.mum.coffee.controller.PersonController.getAllPersons(org.springframework.ui.Model)
2017-06-20 20:00:54.519  INFO 12648 --- [           main] s.w.s.m.m.a.RequestMappingHandlerMapping : Mapped "{[/addPerson],methods=[GET]}" onto public java.lang.String edu.mum.coffee.controller.PersonController.addPersonWebPage()
2017-06-20 20:00:54.522  INFO 12648 --- [           main] s.w.s.m.m.a.RequestMappingHandlerMapping : Mapped "{[/products/{id}],methods=[GET]}" onto public java.lang.String edu.mum.coffee.controller.ProductController.getPerson(int,org.springframework.ui.Model)
2017-06-20 20:00:54.523  INFO 12648 --- [           main] s.w.s.m.m.a.RequestMappingHandlerMapping : Mapped "{[/products],methods=[GET]}" onto public java.lang.String edu.mum.coffee.controller.ProductController.getAllProducts(org.springframework.ui.Model)
2017-06-20 20:00:54.523  INFO 12648 --- [           main] s.w.s.m.m.a.RequestMappingHandlerMapping : Mapped "{[/deleteproduct/{id}],methods=[POST]}" onto public java.lang.String edu.mum.coffee.controller.ProductController.deleteProduct(edu.mum.coffee.domain.Product,int)
2017-06-20 20:00:54.524  INFO 12648 --- [           main] s.w.s.m.m.a.RequestMappingHandlerMapping : Mapped "{[/products/update/{id}],methods=[POST]}" onto public java.lang.String edu.mum.coffee.controller.ProductController.updateProduct(int,edu.mum.coffee.domain.Product)
2017-06-20 20:00:54.525  INFO 12648 --- [           main] s.w.s.m.m.a.RequestMappingHandlerMapping : Mapped "{[/products],methods=[POST]}" onto public java.lang.String edu.mum.coffee.controller.ProductController.saveProduct(edu.mum.coffee.domain.Product,org.springframework.validation.BindingResult)
2017-06-20 20:00:54.525  INFO 12648 --- [           main] s.w.s.m.m.a.RequestMappingHandlerMapping : Mapped "{[/addProduct],methods=[GET]}" onto public java.lang.String edu.mum.coffee.controller.ProductController.addProductWebPage(edu.mum.coffee.domain.Product)
2017-06-20 20:00:54.527  INFO 12648 --- [           main] s.w.s.m.m.a.RequestMappingHandlerMapping : Mapped "{[/error]}" onto public org.springframework.http.ResponseEntity<java.util.Map<java.lang.String, java.lang.Object>> org.springframework.boot.autoconfigure.web.BasicErrorController.error(javax.servlet.http.HttpServletRequest)
2017-06-20 20:00:54.528  INFO 12648 --- [           main] s.w.s.m.m.a.RequestMappingHandlerMapping : Mapped "{[/error],produces=[text/html]}" onto public org.springframework.web.servlet.ModelAndView org.springframework.boot.autoconfigure.web.BasicErrorController.errorHtml(javax.servlet.http.HttpServletRequest,javax.servlet.http.HttpServletResponse)
2017-06-20 20:00:54.566  INFO 12648 --- [           main] o.s.w.s.handler.SimpleUrlHandlerMapping  : Mapped URL path [/webjars/**] onto handler of type [class org.springframework.web.servlet.resource.ResourceHttpRequestHandler]
2017-06-20 20:00:54.567  INFO 12648 --- [           main] o.s.w.s.handler.SimpleUrlHandlerMapping  : Mapped URL path [/**] onto handler of type [class org.springframework.web.servlet.resource.ResourceHttpRequestHandler]
2017-06-20 20:00:54.627  INFO 12648 --- [           main] o.s.w.s.handler.SimpleUrlHandlerMapping  : Mapped URL path [/**/favicon.ico] onto handler of type [class org.springframework.web.servlet.resource.ResourceHttpRequestHandler]
2017-06-20 20:00:54.992  INFO 12648 --- [           main] edu.mum.coffee.OrderServiceTest          : Started OrderServiceTest in 5.726 seconds (JVM running for 6.813)
2017-06-20 20:00:55.526  INFO 12648 --- [           main] o.h.h.i.QueryTranslatorFactoryInitiator  : HHH000397: Using ASTQueryTranslatorFactory
]]></system-out>
    <system-err><![CDATA[Tue Jun 20 20:00:51 CDT 2017 WARN: Establishing SSL connection without server's identity verification is not recommended. According to MySQL 5.5.45+, 5.6.26+ and 5.7.6+ requirements SSL connection must be established by default if explicit option isn't set. For compliance with existing applications not using SSL the verifyServerCertificate property is set to 'false'. You need either to explicitly disable SSL by setting useSSL=false, or set useSSL=true and provide truststore for server certificate verification.
Tue Jun 20 20:00:51 CDT 2017 WARN: Establishing SSL connection without server's identity verification is not recommended. According to MySQL 5.5.45+, 5.6.26+ and 5.7.6+ requirements SSL connection must be established by default if explicit option isn't set. For compliance with existing applications not using SSL the verifyServerCertificate property is set to 'false'. You need either to explicitly disable SSL by setting useSSL=false, or set useSSL=true and provide truststore for server certificate verification.
Tue Jun 20 20:00:51 CDT 2017 WARN: Establishing SSL connection without server's identity verification is not recommended. According to MySQL 5.5.45+, 5.6.26+ and 5.7.6+ requirements SSL connection must be established by default if explicit option isn't set. For compliance with existing applications not using SSL the verifyServerCertificate property is set to 'false'. You need either to explicitly disable SSL by setting useSSL=false, or set useSSL=true and provide truststore for server certificate verification.
Tue Jun 20 20:00:51 CDT 2017 WARN: Establishing SSL connection without server's identity verification is not recommended. According to MySQL 5.5.45+, 5.6.26+ and 5.7.6+ requirements SSL connection must be established by default if explicit option isn't set. For compliance with existing applications not using SSL the verifyServerCertificate property is set to 'false'. You need either to explicitly disable SSL by setting useSSL=false, or set useSSL=true and provide truststore for server certificate verification.
Tue Jun 20 20:00:51 CDT 2017 WARN: Establishing SSL connection without server's identity verification is not recommended. According to MySQL 5.5.45+, 5.6.26+ and 5.7.6+ requirements SSL connection must be established by default if explicit option isn't set. For compliance with existing applications not using SSL the verifyServerCertificate property is set to 'false'. You need either to explicitly disable SSL by setting useSSL=false, or set useSSL=true and provide truststore for server certificate verification.
Tue Jun 20 20:00:51 CDT 2017 WARN: Establishing SSL connection without server's identity verification is not recommended. According to MySQL 5.5.45+, 5.6.26+ and 5.7.6+ requirements SSL connection must be established by default if explicit option isn't set. For compliance with existing applications not using SSL the verifyServerCertificate property is set to 'false'. You need either to explicitly disable SSL by setting useSSL=false, or set useSSL=true and provide truststore for server certificate verification.
Tue Jun 20 20:00:51 CDT 2017 WARN: Establishing SSL connection without server's identity verification is not recommended. According to MySQL 5.5.45+, 5.6.26+ and 5.7.6+ requirements SSL connection must be established by default if explicit option isn't set. For compliance with existing applications not using SSL the verifyServerCertificate property is set to 'false'. You need either to explicitly disable SSL by setting useSSL=false, or set useSSL=true and provide truststore for server certificate verification.
Tue Jun 20 20:00:52 CDT 2017 WARN: Establishing SSL connection without server's identity verification is not recommended. According to MySQL 5.5.45+, 5.6.26+ and 5.7.6+ requirements SSL connection must be established by default if explicit option isn't set. For compliance with existing applications not using SSL the verifyServerCertificate property is set to 'false'. You need either to explicitly disable SSL by setting useSSL=false, or set useSSL=true and provide truststore for server certificate verification.
Tue Jun 20 20:00:52 CDT 2017 WARN: Establishing SSL connection without server's identity verification is not recommended. According to MySQL 5.5.45+, 5.6.26+ and 5.7.6+ requirements SSL connection must be established by default if explicit option isn't set. For compliance with existing applications not using SSL the verifyServerCertificate property is set to 'false'. You need either to explicitly disable SSL by setting useSSL=false, or set useSSL=true and provide truststore for server certificate verification.
Tue Jun 20 20:00:52 CDT 2017 WARN: Establishing SSL connection without server's identity verification is not recommended. According to MySQL 5.5.45+, 5.6.26+ and 5.7.6+ requirements SSL connection must be established by default if explicit option isn't set. For compliance with existing applications not using SSL the verifyServerCertificate property is set to 'false'. You need either to explicitly disable SSL by setting useSSL=false, or set useSSL=true and provide truststore for server certificate verification.
]]></system-err>
  </testcase>
  <testcase name="testFindByProduct" classname="edu.mum.coffee.OrderServiceTest" time="0.212">
    <error message="Validation failed for classes [edu.mum.coffee.domain.Product] during persist time for groups [javax.validation.groups.Default, ]&#10;List of constraint violations:[&#10;	ConstraintViolationImpl{interpolatedMessage=&apos;must be less than or equal to 50.0&apos;, propertyPath=price, rootBeanClass=class edu.mum.coffee.domain.Product, messageTemplate=&apos;{javax.validation.constraints.DecimalMax.message}&apos;}&#10;]" type="javax.validation.ConstraintViolationException"><![CDATA[javax.validation.ConstraintViolationException: Validation failed for classes [edu.mum.coffee.domain.Product] during persist time for groups [javax.validation.groups.Default, ]
List of constraint violations:[
	ConstraintViolationImpl{interpolatedMessage='must be less than or equal to 50.0', propertyPath=price, rootBeanClass=class edu.mum.coffee.domain.Product, messageTemplate='{javax.validation.constraints.DecimalMax.message}'}
]
	at org.hibernate.cfg.beanvalidation.BeanValidationEventListener.validate(BeanValidationEventListener.java:138)
	at org.hibernate.cfg.beanvalidation.BeanValidationEventListener.onPreInsert(BeanValidationEventListener.java:78)
	at org.hibernate.action.internal.EntityIdentityInsertAction.preInsert(EntityIdentityInsertAction.java:197)
	at org.hibernate.action.internal.EntityIdentityInsertAction.execute(EntityIdentityInsertAction.java:75)
	at org.hibernate.engine.spi.ActionQueue.execute(ActionQueue.java:619)
	at org.hibernate.engine.spi.ActionQueue.addResolvedEntityInsertAction(ActionQueue.java:273)
	at org.hibernate.engine.spi.ActionQueue.addInsertAction(ActionQueue.java:254)
	at org.hibernate.engine.spi.ActionQueue.addAction(ActionQueue.java:299)
	at org.hibernate.event.internal.AbstractSaveEventListener.addInsertAction(AbstractSaveEventListener.java:317)
	at org.hibernate.event.internal.AbstractSaveEventListener.performSaveOrReplicate(AbstractSaveEventListener.java:272)
	at org.hibernate.event.internal.AbstractSaveEventListener.performSave(AbstractSaveEventListener.java:178)
	at org.hibernate.event.internal.AbstractSaveEventListener.saveWithGeneratedId(AbstractSaveEventListener.java:109)
	at org.hibernate.jpa.event.internal.core.JpaPersistEventListener.saveWithGeneratedId(JpaPersistEventListener.java:67)
	at org.hibernate.event.internal.DefaultPersistEventListener.entityIsTransient(DefaultPersistEventListener.java:189)
	at org.hibernate.event.internal.DefaultPersistEventListener.onPersist(DefaultPersistEventListener.java:132)
	at org.hibernate.event.internal.DefaultPersistEventListener.onPersist(DefaultPersistEventListener.java:58)
	at org.hibernate.internal.SessionImpl.firePersist(SessionImpl.java:775)
	at org.hibernate.internal.SessionImpl.persist(SessionImpl.java:748)
	at org.hibernate.internal.SessionImpl.persist(SessionImpl.java:753)
	at org.hibernate.jpa.spi.AbstractEntityManagerImpl.persist(AbstractEntityManagerImpl.java:1146)
	at sun.reflect.NativeMethodAccessorImpl.invoke0(Native Method)
	at sun.reflect.NativeMethodAccessorImpl.invoke(NativeMethodAccessorImpl.java:62)
	at sun.reflect.DelegatingMethodAccessorImpl.invoke(DelegatingMethodAccessorImpl.java:43)
	at java.lang.reflect.Method.invoke(Method.java:498)
	at org.springframework.orm.jpa.SharedEntityManagerCreator$SharedEntityManagerInvocationHandler.invoke(SharedEntityManagerCreator.java:298)
	at com.sun.proxy.$Proxy99.persist(Unknown Source)
	at org.springframework.data.jpa.repository.support.SimpleJpaRepository.save(SimpleJpaRepository.java:508)
	at sun.reflect.NativeMethodAccessorImpl.invoke0(Native Method)
	at sun.reflect.NativeMethodAccessorImpl.invoke(NativeMethodAccessorImpl.java:62)
	at sun.reflect.DelegatingMethodAccessorImpl.invoke(DelegatingMethodAccessorImpl.java:43)
	at java.lang.reflect.Method.invoke(Method.java:498)
	at org.springframework.data.repository.core.support.RepositoryFactorySupport$QueryExecutorMethodInterceptor.executeMethodOn(RepositoryFactorySupport.java:504)
	at org.springframework.data.repository.core.support.RepositoryFactorySupport$QueryExecutorMethodInterceptor.doInvoke(RepositoryFactorySupport.java:489)
	at org.springframework.data.repository.core.support.RepositoryFactorySupport$QueryExecutorMethodInterceptor.invoke(RepositoryFactorySupport.java:461)
	at org.springframework.aop.framework.ReflectiveMethodInvocation.proceed(ReflectiveMethodInvocation.java:179)
	at org.springframework.data.projection.DefaultMethodInvokingMethodInterceptor.invoke(DefaultMethodInvokingMethodInterceptor.java:61)
	at org.springframework.aop.framework.ReflectiveMethodInvocation.proceed(ReflectiveMethodInvocation.java:179)
	at org.springframework.transaction.interceptor.TransactionInterceptor$1.proceedWithInvocation(TransactionInterceptor.java:99)
	at org.springframework.transaction.interceptor.TransactionAspectSupport.invokeWithinTransaction(TransactionAspectSupport.java:282)
	at org.springframework.transaction.interceptor.TransactionInterceptor.invoke(TransactionInterceptor.java:96)
	at org.springframework.aop.framework.ReflectiveMethodInvocation.proceed(ReflectiveMethodInvocation.java:179)
	at org.springframework.dao.support.PersistenceExceptionTranslationInterceptor.invoke(PersistenceExceptionTranslationInterceptor.java:136)
	at org.springframework.aop.framework.ReflectiveMethodInvocation.proceed(ReflectiveMethodInvocation.java:179)
	at org.springframework.data.jpa.repository.support.CrudMethodMetadataPostProcessor$CrudMethodMetadataPopulatingMethodInterceptor.invoke(CrudMethodMetadataPostProcessor.java:133)
	at org.springframework.aop.framework.ReflectiveMethodInvocation.proceed(ReflectiveMethodInvocation.java:179)
	at org.springframework.aop.interceptor.ExposeInvocationInterceptor.invoke(ExposeInvocationInterceptor.java:92)
	at org.springframework.aop.framework.ReflectiveMethodInvocation.proceed(ReflectiveMethodInvocation.java:179)
	at org.springframework.data.repository.core.support.SurroundingTransactionDetectorMethodInterceptor.invoke(SurroundingTransactionDetectorMethodInterceptor.java:57)
	at org.springframework.aop.framework.ReflectiveMethodInvocation.proceed(ReflectiveMethodInvocation.java:179)
	at org.springframework.aop.framework.JdkDynamicAopProxy.invoke(JdkDynamicAopProxy.java:213)
	at com.sun.proxy.$Proxy104.save(Unknown Source)
	at edu.mum.coffee.service.ProductService.save(ProductService.java:21)
	at edu.mum.coffee.service.ProductService$$FastClassBySpringCGLIB$$60d18700.invoke(<generated>)
	at org.springframework.cglib.proxy.MethodProxy.invoke(MethodProxy.java:204)
	at org.springframework.aop.framework.CglibAopProxy$CglibMethodInvocation.invokeJoinpoint(CglibAopProxy.java:738)
	at org.springframework.aop.framework.ReflectiveMethodInvocation.proceed(ReflectiveMethodInvocation.java:157)
	at org.springframework.transaction.interceptor.TransactionInterceptor$1.proceedWithInvocation(TransactionInterceptor.java:99)
	at org.springframework.transaction.interceptor.TransactionAspectSupport.invokeWithinTransaction(TransactionAspectSupport.java:282)
	at org.springframework.transaction.interceptor.TransactionInterceptor.invoke(TransactionInterceptor.java:96)
	at org.springframework.aop.framework.ReflectiveMethodInvocation.proceed(ReflectiveMethodInvocation.java:179)
	at org.springframework.aop.framework.CglibAopProxy$DynamicAdvisedInterceptor.intercept(CglibAopProxy.java:673)
	at edu.mum.coffee.service.ProductService$$EnhancerBySpringCGLIB$$24ef24da.save(<generated>)
	at edu.mum.coffee.OrderServiceTest.createProducts(OrderServiceTest.java:217)
	at edu.mum.coffee.OrderServiceTest.setUp(OrderServiceTest.java:53)
]]></error>
  </testcase>
  <testcase name="testFindAll" classname="edu.mum.coffee.OrderServiceTest" time="0.244">
    <error message="Validation failed for classes [edu.mum.coffee.domain.Product] during persist time for groups [javax.validation.groups.Default, ]&#10;List of constraint violations:[&#10;	ConstraintViolationImpl{interpolatedMessage=&apos;must be less than or equal to 50.0&apos;, propertyPath=price, rootBeanClass=class edu.mum.coffee.domain.Product, messageTemplate=&apos;{javax.validation.constraints.DecimalMax.message}&apos;}&#10;]" type="javax.validation.ConstraintViolationException"><![CDATA[javax.validation.ConstraintViolationException: Validation failed for classes [edu.mum.coffee.domain.Product] during persist time for groups [javax.validation.groups.Default, ]
List of constraint violations:[
	ConstraintViolationImpl{interpolatedMessage='must be less than or equal to 50.0', propertyPath=price, rootBeanClass=class edu.mum.coffee.domain.Product, messageTemplate='{javax.validation.constraints.DecimalMax.message}'}
]
	at org.hibernate.cfg.beanvalidation.BeanValidationEventListener.validate(BeanValidationEventListener.java:138)
	at org.hibernate.cfg.beanvalidation.BeanValidationEventListener.onPreInsert(BeanValidationEventListener.java:78)
	at org.hibernate.action.internal.EntityIdentityInsertAction.preInsert(EntityIdentityInsertAction.java:197)
	at org.hibernate.action.internal.EntityIdentityInsertAction.execute(EntityIdentityInsertAction.java:75)
	at org.hibernate.engine.spi.ActionQueue.execute(ActionQueue.java:619)
	at org.hibernate.engine.spi.ActionQueue.addResolvedEntityInsertAction(ActionQueue.java:273)
	at org.hibernate.engine.spi.ActionQueue.addInsertAction(ActionQueue.java:254)
	at org.hibernate.engine.spi.ActionQueue.addAction(ActionQueue.java:299)
	at org.hibernate.event.internal.AbstractSaveEventListener.addInsertAction(AbstractSaveEventListener.java:317)
	at org.hibernate.event.internal.AbstractSaveEventListener.performSaveOrReplicate(AbstractSaveEventListener.java:272)
	at org.hibernate.event.internal.AbstractSaveEventListener.performSave(AbstractSaveEventListener.java:178)
	at org.hibernate.event.internal.AbstractSaveEventListener.saveWithGeneratedId(AbstractSaveEventListener.java:109)
	at org.hibernate.jpa.event.internal.core.JpaPersistEventListener.saveWithGeneratedId(JpaPersistEventListener.java:67)
	at org.hibernate.event.internal.DefaultPersistEventListener.entityIsTransient(DefaultPersistEventListener.java:189)
	at org.hibernate.event.internal.DefaultPersistEventListener.onPersist(DefaultPersistEventListener.java:132)
	at org.hibernate.event.internal.DefaultPersistEventListener.onPersist(DefaultPersistEventListener.java:58)
	at org.hibernate.internal.SessionImpl.firePersist(SessionImpl.java:775)
	at org.hibernate.internal.SessionImpl.persist(SessionImpl.java:748)
	at org.hibernate.internal.SessionImpl.persist(SessionImpl.java:753)
	at org.hibernate.jpa.spi.AbstractEntityManagerImpl.persist(AbstractEntityManagerImpl.java:1146)
	at sun.reflect.NativeMethodAccessorImpl.invoke0(Native Method)
	at sun.reflect.NativeMethodAccessorImpl.invoke(NativeMethodAccessorImpl.java:62)
	at sun.reflect.DelegatingMethodAccessorImpl.invoke(DelegatingMethodAccessorImpl.java:43)
	at java.lang.reflect.Method.invoke(Method.java:498)
	at org.springframework.orm.jpa.SharedEntityManagerCreator$SharedEntityManagerInvocationHandler.invoke(SharedEntityManagerCreator.java:298)
	at com.sun.proxy.$Proxy99.persist(Unknown Source)
	at org.springframework.data.jpa.repository.support.SimpleJpaRepository.save(SimpleJpaRepository.java:508)
	at sun.reflect.NativeMethodAccessorImpl.invoke0(Native Method)
	at sun.reflect.NativeMethodAccessorImpl.invoke(NativeMethodAccessorImpl.java:62)
	at sun.reflect.DelegatingMethodAccessorImpl.invoke(DelegatingMethodAccessorImpl.java:43)
	at java.lang.reflect.Method.invoke(Method.java:498)
	at org.springframework.data.repository.core.support.RepositoryFactorySupport$QueryExecutorMethodInterceptor.executeMethodOn(RepositoryFactorySupport.java:504)
	at org.springframework.data.repository.core.support.RepositoryFactorySupport$QueryExecutorMethodInterceptor.doInvoke(RepositoryFactorySupport.java:489)
	at org.springframework.data.repository.core.support.RepositoryFactorySupport$QueryExecutorMethodInterceptor.invoke(RepositoryFactorySupport.java:461)
	at org.springframework.aop.framework.ReflectiveMethodInvocation.proceed(ReflectiveMethodInvocation.java:179)
	at org.springframework.data.projection.DefaultMethodInvokingMethodInterceptor.invoke(DefaultMethodInvokingMethodInterceptor.java:61)
	at org.springframework.aop.framework.ReflectiveMethodInvocation.proceed(ReflectiveMethodInvocation.java:179)
	at org.springframework.transaction.interceptor.TransactionInterceptor$1.proceedWithInvocation(TransactionInterceptor.java:99)
	at org.springframework.transaction.interceptor.TransactionAspectSupport.invokeWithinTransaction(TransactionAspectSupport.java:282)
	at org.springframework.transaction.interceptor.TransactionInterceptor.invoke(TransactionInterceptor.java:96)
	at org.springframework.aop.framework.ReflectiveMethodInvocation.proceed(ReflectiveMethodInvocation.java:179)
	at org.springframework.dao.support.PersistenceExceptionTranslationInterceptor.invoke(PersistenceExceptionTranslationInterceptor.java:136)
	at org.springframework.aop.framework.ReflectiveMethodInvocation.proceed(ReflectiveMethodInvocation.java:179)
	at org.springframework.data.jpa.repository.support.CrudMethodMetadataPostProcessor$CrudMethodMetadataPopulatingMethodInterceptor.invoke(CrudMethodMetadataPostProcessor.java:133)
	at org.springframework.aop.framework.ReflectiveMethodInvocation.proceed(ReflectiveMethodInvocation.java:179)
	at org.springframework.aop.interceptor.ExposeInvocationInterceptor.invoke(ExposeInvocationInterceptor.java:92)
	at org.springframework.aop.framework.ReflectiveMethodInvocation.proceed(ReflectiveMethodInvocation.java:179)
	at org.springframework.data.repository.core.support.SurroundingTransactionDetectorMethodInterceptor.invoke(SurroundingTransactionDetectorMethodInterceptor.java:57)
	at org.springframework.aop.framework.ReflectiveMethodInvocation.proceed(ReflectiveMethodInvocation.java:179)
	at org.springframework.aop.framework.JdkDynamicAopProxy.invoke(JdkDynamicAopProxy.java:213)
	at com.sun.proxy.$Proxy104.save(Unknown Source)
	at edu.mum.coffee.service.ProductService.save(ProductService.java:21)
	at edu.mum.coffee.service.ProductService$$FastClassBySpringCGLIB$$60d18700.invoke(<generated>)
	at org.springframework.cglib.proxy.MethodProxy.invoke(MethodProxy.java:204)
	at org.springframework.aop.framework.CglibAopProxy$CglibMethodInvocation.invokeJoinpoint(CglibAopProxy.java:738)
	at org.springframework.aop.framework.ReflectiveMethodInvocation.proceed(ReflectiveMethodInvocation.java:157)
	at org.springframework.transaction.interceptor.TransactionInterceptor$1.proceedWithInvocation(TransactionInterceptor.java:99)
	at org.springframework.transaction.interceptor.TransactionAspectSupport.invokeWithinTransaction(TransactionAspectSupport.java:282)
	at org.springframework.transaction.interceptor.TransactionInterceptor.invoke(TransactionInterceptor.java:96)
	at org.springframework.aop.framework.ReflectiveMethodInvocation.proceed(ReflectiveMethodInvocation.java:179)
	at org.springframework.aop.framework.CglibAopProxy$DynamicAdvisedInterceptor.intercept(CglibAopProxy.java:673)
	at edu.mum.coffee.service.ProductService$$EnhancerBySpringCGLIB$$24ef24da.save(<generated>)
	at edu.mum.coffee.OrderServiceTest.createProducts(OrderServiceTest.java:217)
	at edu.mum.coffee.OrderServiceTest.setUp(OrderServiceTest.java:53)
]]></error>
  </testcase>
  <testcase name="testSave" classname="edu.mum.coffee.OrderServiceTest" time="0.206">
    <error message="Validation failed for classes [edu.mum.coffee.domain.Product] during persist time for groups [javax.validation.groups.Default, ]&#10;List of constraint violations:[&#10;	ConstraintViolationImpl{interpolatedMessage=&apos;must be less than or equal to 50.0&apos;, propertyPath=price, rootBeanClass=class edu.mum.coffee.domain.Product, messageTemplate=&apos;{javax.validation.constraints.DecimalMax.message}&apos;}&#10;]" type="javax.validation.ConstraintViolationException"><![CDATA[javax.validation.ConstraintViolationException: Validation failed for classes [edu.mum.coffee.domain.Product] during persist time for groups [javax.validation.groups.Default, ]
List of constraint violations:[
	ConstraintViolationImpl{interpolatedMessage='must be less than or equal to 50.0', propertyPath=price, rootBeanClass=class edu.mum.coffee.domain.Product, messageTemplate='{javax.validation.constraints.DecimalMax.message}'}
]
	at org.hibernate.cfg.beanvalidation.BeanValidationEventListener.validate(BeanValidationEventListener.java:138)
	at org.hibernate.cfg.beanvalidation.BeanValidationEventListener.onPreInsert(BeanValidationEventListener.java:78)
	at org.hibernate.action.internal.EntityIdentityInsertAction.preInsert(EntityIdentityInsertAction.java:197)
	at org.hibernate.action.internal.EntityIdentityInsertAction.execute(EntityIdentityInsertAction.java:75)
	at org.hibernate.engine.spi.ActionQueue.execute(ActionQueue.java:619)
	at org.hibernate.engine.spi.ActionQueue.addResolvedEntityInsertAction(ActionQueue.java:273)
	at org.hibernate.engine.spi.ActionQueue.addInsertAction(ActionQueue.java:254)
	at org.hibernate.engine.spi.ActionQueue.addAction(ActionQueue.java:299)
	at org.hibernate.event.internal.AbstractSaveEventListener.addInsertAction(AbstractSaveEventListener.java:317)
	at org.hibernate.event.internal.AbstractSaveEventListener.performSaveOrReplicate(AbstractSaveEventListener.java:272)
	at org.hibernate.event.internal.AbstractSaveEventListener.performSave(AbstractSaveEventListener.java:178)
	at org.hibernate.event.internal.AbstractSaveEventListener.saveWithGeneratedId(AbstractSaveEventListener.java:109)
	at org.hibernate.jpa.event.internal.core.JpaPersistEventListener.saveWithGeneratedId(JpaPersistEventListener.java:67)
	at org.hibernate.event.internal.DefaultPersistEventListener.entityIsTransient(DefaultPersistEventListener.java:189)
	at org.hibernate.event.internal.DefaultPersistEventListener.onPersist(DefaultPersistEventListener.java:132)
	at org.hibernate.event.internal.DefaultPersistEventListener.onPersist(DefaultPersistEventListener.java:58)
	at org.hibernate.internal.SessionImpl.firePersist(SessionImpl.java:775)
	at org.hibernate.internal.SessionImpl.persist(SessionImpl.java:748)
	at org.hibernate.internal.SessionImpl.persist(SessionImpl.java:753)
	at org.hibernate.jpa.spi.AbstractEntityManagerImpl.persist(AbstractEntityManagerImpl.java:1146)
	at sun.reflect.NativeMethodAccessorImpl.invoke0(Native Method)
	at sun.reflect.NativeMethodAccessorImpl.invoke(NativeMethodAccessorImpl.java:62)
	at sun.reflect.DelegatingMethodAccessorImpl.invoke(DelegatingMethodAccessorImpl.java:43)
	at java.lang.reflect.Method.invoke(Method.java:498)
	at org.springframework.orm.jpa.SharedEntityManagerCreator$SharedEntityManagerInvocationHandler.invoke(SharedEntityManagerCreator.java:298)
	at com.sun.proxy.$Proxy99.persist(Unknown Source)
	at org.springframework.data.jpa.repository.support.SimpleJpaRepository.save(SimpleJpaRepository.java:508)
	at sun.reflect.NativeMethodAccessorImpl.invoke0(Native Method)
	at sun.reflect.NativeMethodAccessorImpl.invoke(NativeMethodAccessorImpl.java:62)
	at sun.reflect.DelegatingMethodAccessorImpl.invoke(DelegatingMethodAccessorImpl.java:43)
	at java.lang.reflect.Method.invoke(Method.java:498)
	at org.springframework.data.repository.core.support.RepositoryFactorySupport$QueryExecutorMethodInterceptor.executeMethodOn(RepositoryFactorySupport.java:504)
	at org.springframework.data.repository.core.support.RepositoryFactorySupport$QueryExecutorMethodInterceptor.doInvoke(RepositoryFactorySupport.java:489)
	at org.springframework.data.repository.core.support.RepositoryFactorySupport$QueryExecutorMethodInterceptor.invoke(RepositoryFactorySupport.java:461)
	at org.springframework.aop.framework.ReflectiveMethodInvocation.proceed(ReflectiveMethodInvocation.java:179)
	at org.springframework.data.projection.DefaultMethodInvokingMethodInterceptor.invoke(DefaultMethodInvokingMethodInterceptor.java:61)
	at org.springframework.aop.framework.ReflectiveMethodInvocation.proceed(ReflectiveMethodInvocation.java:179)
	at org.springframework.transaction.interceptor.TransactionInterceptor$1.proceedWithInvocation(TransactionInterceptor.java:99)
	at org.springframework.transaction.interceptor.TransactionAspectSupport.invokeWithinTransaction(TransactionAspectSupport.java:282)
	at org.springframework.transaction.interceptor.TransactionInterceptor.invoke(TransactionInterceptor.java:96)
	at org.springframework.aop.framework.ReflectiveMethodInvocation.proceed(ReflectiveMethodInvocation.java:179)
	at org.springframework.dao.support.PersistenceExceptionTranslationInterceptor.invoke(PersistenceExceptionTranslationInterceptor.java:136)
	at org.springframework.aop.framework.ReflectiveMethodInvocation.proceed(ReflectiveMethodInvocation.java:179)
	at org.springframework.data.jpa.repository.support.CrudMethodMetadataPostProcessor$CrudMethodMetadataPopulatingMethodInterceptor.invoke(CrudMethodMetadataPostProcessor.java:133)
	at org.springframework.aop.framework.ReflectiveMethodInvocation.proceed(ReflectiveMethodInvocation.java:179)
	at org.springframework.aop.interceptor.ExposeInvocationInterceptor.invoke(ExposeInvocationInterceptor.java:92)
	at org.springframework.aop.framework.ReflectiveMethodInvocation.proceed(ReflectiveMethodInvocation.java:179)
	at org.springframework.data.repository.core.support.SurroundingTransactionDetectorMethodInterceptor.invoke(SurroundingTransactionDetectorMethodInterceptor.java:57)
	at org.springframework.aop.framework.ReflectiveMethodInvocation.proceed(ReflectiveMethodInvocation.java:179)
	at org.springframework.aop.framework.JdkDynamicAopProxy.invoke(JdkDynamicAopProxy.java:213)
	at com.sun.proxy.$Proxy104.save(Unknown Source)
	at edu.mum.coffee.service.ProductService.save(ProductService.java:21)
	at edu.mum.coffee.service.ProductService$$FastClassBySpringCGLIB$$60d18700.invoke(<generated>)
	at org.springframework.cglib.proxy.MethodProxy.invoke(MethodProxy.java:204)
	at org.springframework.aop.framework.CglibAopProxy$CglibMethodInvocation.invokeJoinpoint(CglibAopProxy.java:738)
	at org.springframework.aop.framework.ReflectiveMethodInvocation.proceed(ReflectiveMethodInvocation.java:157)
	at org.springframework.transaction.interceptor.TransactionInterceptor$1.proceedWithInvocation(TransactionInterceptor.java:99)
	at org.springframework.transaction.interceptor.TransactionAspectSupport.invokeWithinTransaction(TransactionAspectSupport.java:282)
	at org.springframework.transaction.interceptor.TransactionInterceptor.invoke(TransactionInterceptor.java:96)
	at org.springframework.aop.framework.ReflectiveMethodInvocation.proceed(ReflectiveMethodInvocation.java:179)
	at org.springframework.aop.framework.CglibAopProxy$DynamicAdvisedInterceptor.intercept(CglibAopProxy.java:673)
	at edu.mum.coffee.service.ProductService$$EnhancerBySpringCGLIB$$24ef24da.save(<generated>)
	at edu.mum.coffee.OrderServiceTest.createProducts(OrderServiceTest.java:217)
	at edu.mum.coffee.OrderServiceTest.setUp(OrderServiceTest.java:53)
]]></error>
  </testcase>
  <testcase name="testFindByDate" classname="edu.mum.coffee.OrderServiceTest" time="0.204">
    <error message="Validation failed for classes [edu.mum.coffee.domain.Product] during persist time for groups [javax.validation.groups.Default, ]&#10;List of constraint violations:[&#10;	ConstraintViolationImpl{interpolatedMessage=&apos;must be less than or equal to 50.0&apos;, propertyPath=price, rootBeanClass=class edu.mum.coffee.domain.Product, messageTemplate=&apos;{javax.validation.constraints.DecimalMax.message}&apos;}&#10;]" type="javax.validation.ConstraintViolationException"><![CDATA[javax.validation.ConstraintViolationException: Validation failed for classes [edu.mum.coffee.domain.Product] during persist time for groups [javax.validation.groups.Default, ]
List of constraint violations:[
	ConstraintViolationImpl{interpolatedMessage='must be less than or equal to 50.0', propertyPath=price, rootBeanClass=class edu.mum.coffee.domain.Product, messageTemplate='{javax.validation.constraints.DecimalMax.message}'}
]
	at org.hibernate.cfg.beanvalidation.BeanValidationEventListener.validate(BeanValidationEventListener.java:138)
	at org.hibernate.cfg.beanvalidation.BeanValidationEventListener.onPreInsert(BeanValidationEventListener.java:78)
	at org.hibernate.action.internal.EntityIdentityInsertAction.preInsert(EntityIdentityInsertAction.java:197)
	at org.hibernate.action.internal.EntityIdentityInsertAction.execute(EntityIdentityInsertAction.java:75)
	at org.hibernate.engine.spi.ActionQueue.execute(ActionQueue.java:619)
	at org.hibernate.engine.spi.ActionQueue.addResolvedEntityInsertAction(ActionQueue.java:273)
	at org.hibernate.engine.spi.ActionQueue.addInsertAction(ActionQueue.java:254)
	at org.hibernate.engine.spi.ActionQueue.addAction(ActionQueue.java:299)
	at org.hibernate.event.internal.AbstractSaveEventListener.addInsertAction(AbstractSaveEventListener.java:317)
	at org.hibernate.event.internal.AbstractSaveEventListener.performSaveOrReplicate(AbstractSaveEventListener.java:272)
	at org.hibernate.event.internal.AbstractSaveEventListener.performSave(AbstractSaveEventListener.java:178)
	at org.hibernate.event.internal.AbstractSaveEventListener.saveWithGeneratedId(AbstractSaveEventListener.java:109)
	at org.hibernate.jpa.event.internal.core.JpaPersistEventListener.saveWithGeneratedId(JpaPersistEventListener.java:67)
	at org.hibernate.event.internal.DefaultPersistEventListener.entityIsTransient(DefaultPersistEventListener.java:189)
	at org.hibernate.event.internal.DefaultPersistEventListener.onPersist(DefaultPersistEventListener.java:132)
	at org.hibernate.event.internal.DefaultPersistEventListener.onPersist(DefaultPersistEventListener.java:58)
	at org.hibernate.internal.SessionImpl.firePersist(SessionImpl.java:775)
	at org.hibernate.internal.SessionImpl.persist(SessionImpl.java:748)
	at org.hibernate.internal.SessionImpl.persist(SessionImpl.java:753)
	at org.hibernate.jpa.spi.AbstractEntityManagerImpl.persist(AbstractEntityManagerImpl.java:1146)
	at sun.reflect.GeneratedMethodAccessor86.invoke(Unknown Source)
	at sun.reflect.DelegatingMethodAccessorImpl.invoke(DelegatingMethodAccessorImpl.java:43)
	at java.lang.reflect.Method.invoke(Method.java:498)
	at org.springframework.orm.jpa.SharedEntityManagerCreator$SharedEntityManagerInvocationHandler.invoke(SharedEntityManagerCreator.java:298)
	at com.sun.proxy.$Proxy99.persist(Unknown Source)
	at org.springframework.data.jpa.repository.support.SimpleJpaRepository.save(SimpleJpaRepository.java:508)
	at sun.reflect.GeneratedMethodAccessor85.invoke(Unknown Source)
	at sun.reflect.DelegatingMethodAccessorImpl.invoke(DelegatingMethodAccessorImpl.java:43)
	at java.lang.reflect.Method.invoke(Method.java:498)
	at org.springframework.data.repository.core.support.RepositoryFactorySupport$QueryExecutorMethodInterceptor.executeMethodOn(RepositoryFactorySupport.java:504)
	at org.springframework.data.repository.core.support.RepositoryFactorySupport$QueryExecutorMethodInterceptor.doInvoke(RepositoryFactorySupport.java:489)
	at org.springframework.data.repository.core.support.RepositoryFactorySupport$QueryExecutorMethodInterceptor.invoke(RepositoryFactorySupport.java:461)
	at org.springframework.aop.framework.ReflectiveMethodInvocation.proceed(ReflectiveMethodInvocation.java:179)
	at org.springframework.data.projection.DefaultMethodInvokingMethodInterceptor.invoke(DefaultMethodInvokingMethodInterceptor.java:61)
	at org.springframework.aop.framework.ReflectiveMethodInvocation.proceed(ReflectiveMethodInvocation.java:179)
	at org.springframework.transaction.interceptor.TransactionInterceptor$1.proceedWithInvocation(TransactionInterceptor.java:99)
	at org.springframework.transaction.interceptor.TransactionAspectSupport.invokeWithinTransaction(TransactionAspectSupport.java:282)
	at org.springframework.transaction.interceptor.TransactionInterceptor.invoke(TransactionInterceptor.java:96)
	at org.springframework.aop.framework.ReflectiveMethodInvocation.proceed(ReflectiveMethodInvocation.java:179)
	at org.springframework.dao.support.PersistenceExceptionTranslationInterceptor.invoke(PersistenceExceptionTranslationInterceptor.java:136)
	at org.springframework.aop.framework.ReflectiveMethodInvocation.proceed(ReflectiveMethodInvocation.java:179)
	at org.springframework.data.jpa.repository.support.CrudMethodMetadataPostProcessor$CrudMethodMetadataPopulatingMethodInterceptor.invoke(CrudMethodMetadataPostProcessor.java:133)
	at org.springframework.aop.framework.ReflectiveMethodInvocation.proceed(ReflectiveMethodInvocation.java:179)
	at org.springframework.aop.interceptor.ExposeInvocationInterceptor.invoke(ExposeInvocationInterceptor.java:92)
	at org.springframework.aop.framework.ReflectiveMethodInvocation.proceed(ReflectiveMethodInvocation.java:179)
	at org.springframework.data.repository.core.support.SurroundingTransactionDetectorMethodInterceptor.invoke(SurroundingTransactionDetectorMethodInterceptor.java:57)
	at org.springframework.aop.framework.ReflectiveMethodInvocation.proceed(ReflectiveMethodInvocation.java:179)
	at org.springframework.aop.framework.JdkDynamicAopProxy.invoke(JdkDynamicAopProxy.java:213)
	at com.sun.proxy.$Proxy104.save(Unknown Source)
	at edu.mum.coffee.service.ProductService.save(ProductService.java:21)
	at edu.mum.coffee.service.ProductService$$FastClassBySpringCGLIB$$60d18700.invoke(<generated>)
	at org.springframework.cglib.proxy.MethodProxy.invoke(MethodProxy.java:204)
	at org.springframework.aop.framework.CglibAopProxy$CglibMethodInvocation.invokeJoinpoint(CglibAopProxy.java:738)
	at org.springframework.aop.framework.ReflectiveMethodInvocation.proceed(ReflectiveMethodInvocation.java:157)
	at org.springframework.transaction.interceptor.TransactionInterceptor$1.proceedWithInvocation(TransactionInterceptor.java:99)
	at org.springframework.transaction.interceptor.TransactionAspectSupport.invokeWithinTransaction(TransactionAspectSupport.java:282)
	at org.springframework.transaction.interceptor.TransactionInterceptor.invoke(TransactionInterceptor.java:96)
	at org.springframework.aop.framework.ReflectiveMethodInvocation.proceed(ReflectiveMethodInvocation.java:179)
	at org.springframework.aop.framework.CglibAopProxy$DynamicAdvisedInterceptor.intercept(CglibAopProxy.java:673)
	at edu.mum.coffee.service.ProductService$$EnhancerBySpringCGLIB$$24ef24da.save(<generated>)
	at edu.mum.coffee.OrderServiceTest.createProducts(OrderServiceTest.java:217)
	at edu.mum.coffee.OrderServiceTest.setUp(OrderServiceTest.java:53)
]]></error>
  </testcase>
  <testcase name="testFindById" classname="edu.mum.coffee.OrderServiceTest" time="0.259">
    <error message="Validation failed for classes [edu.mum.coffee.domain.Product] during persist time for groups [javax.validation.groups.Default, ]&#10;List of constraint violations:[&#10;	ConstraintViolationImpl{interpolatedMessage=&apos;must be less than or equal to 50.0&apos;, propertyPath=price, rootBeanClass=class edu.mum.coffee.domain.Product, messageTemplate=&apos;{javax.validation.constraints.DecimalMax.message}&apos;}&#10;]" type="javax.validation.ConstraintViolationException"><![CDATA[javax.validation.ConstraintViolationException: Validation failed for classes [edu.mum.coffee.domain.Product] during persist time for groups [javax.validation.groups.Default, ]
List of constraint violations:[
	ConstraintViolationImpl{interpolatedMessage='must be less than or equal to 50.0', propertyPath=price, rootBeanClass=class edu.mum.coffee.domain.Product, messageTemplate='{javax.validation.constraints.DecimalMax.message}'}
]
	at org.hibernate.cfg.beanvalidation.BeanValidationEventListener.validate(BeanValidationEventListener.java:138)
	at org.hibernate.cfg.beanvalidation.BeanValidationEventListener.onPreInsert(BeanValidationEventListener.java:78)
	at org.hibernate.action.internal.EntityIdentityInsertAction.preInsert(EntityIdentityInsertAction.java:197)
	at org.hibernate.action.internal.EntityIdentityInsertAction.execute(EntityIdentityInsertAction.java:75)
	at org.hibernate.engine.spi.ActionQueue.execute(ActionQueue.java:619)
	at org.hibernate.engine.spi.ActionQueue.addResolvedEntityInsertAction(ActionQueue.java:273)
	at org.hibernate.engine.spi.ActionQueue.addInsertAction(ActionQueue.java:254)
	at org.hibernate.engine.spi.ActionQueue.addAction(ActionQueue.java:299)
	at org.hibernate.event.internal.AbstractSaveEventListener.addInsertAction(AbstractSaveEventListener.java:317)
	at org.hibernate.event.internal.AbstractSaveEventListener.performSaveOrReplicate(AbstractSaveEventListener.java:272)
	at org.hibernate.event.internal.AbstractSaveEventListener.performSave(AbstractSaveEventListener.java:178)
	at org.hibernate.event.internal.AbstractSaveEventListener.saveWithGeneratedId(AbstractSaveEventListener.java:109)
	at org.hibernate.jpa.event.internal.core.JpaPersistEventListener.saveWithGeneratedId(JpaPersistEventListener.java:67)
	at org.hibernate.event.internal.DefaultPersistEventListener.entityIsTransient(DefaultPersistEventListener.java:189)
	at org.hibernate.event.internal.DefaultPersistEventListener.onPersist(DefaultPersistEventListener.java:132)
	at org.hibernate.event.internal.DefaultPersistEventListener.onPersist(DefaultPersistEventListener.java:58)
	at org.hibernate.internal.SessionImpl.firePersist(SessionImpl.java:775)
	at org.hibernate.internal.SessionImpl.persist(SessionImpl.java:748)
	at org.hibernate.internal.SessionImpl.persist(SessionImpl.java:753)
	at org.hibernate.jpa.spi.AbstractEntityManagerImpl.persist(AbstractEntityManagerImpl.java:1146)
	at sun.reflect.GeneratedMethodAccessor86.invoke(Unknown Source)
	at sun.reflect.DelegatingMethodAccessorImpl.invoke(DelegatingMethodAccessorImpl.java:43)
	at java.lang.reflect.Method.invoke(Method.java:498)
	at org.springframework.orm.jpa.SharedEntityManagerCreator$SharedEntityManagerInvocationHandler.invoke(SharedEntityManagerCreator.java:298)
	at com.sun.proxy.$Proxy99.persist(Unknown Source)
	at org.springframework.data.jpa.repository.support.SimpleJpaRepository.save(SimpleJpaRepository.java:508)
	at sun.reflect.GeneratedMethodAccessor85.invoke(Unknown Source)
	at sun.reflect.DelegatingMethodAccessorImpl.invoke(DelegatingMethodAccessorImpl.java:43)
	at java.lang.reflect.Method.invoke(Method.java:498)
	at org.springframework.data.repository.core.support.RepositoryFactorySupport$QueryExecutorMethodInterceptor.executeMethodOn(RepositoryFactorySupport.java:504)
	at org.springframework.data.repository.core.support.RepositoryFactorySupport$QueryExecutorMethodInterceptor.doInvoke(RepositoryFactorySupport.java:489)
	at org.springframework.data.repository.core.support.RepositoryFactorySupport$QueryExecutorMethodInterceptor.invoke(RepositoryFactorySupport.java:461)
	at org.springframework.aop.framework.ReflectiveMethodInvocation.proceed(ReflectiveMethodInvocation.java:179)
	at org.springframework.data.projection.DefaultMethodInvokingMethodInterceptor.invoke(DefaultMethodInvokingMethodInterceptor.java:61)
	at org.springframework.aop.framework.ReflectiveMethodInvocation.proceed(ReflectiveMethodInvocation.java:179)
	at org.springframework.transaction.interceptor.TransactionInterceptor$1.proceedWithInvocation(TransactionInterceptor.java:99)
	at org.springframework.transaction.interceptor.TransactionAspectSupport.invokeWithinTransaction(TransactionAspectSupport.java:282)
	at org.springframework.transaction.interceptor.TransactionInterceptor.invoke(TransactionInterceptor.java:96)
	at org.springframework.aop.framework.ReflectiveMethodInvocation.proceed(ReflectiveMethodInvocation.java:179)
	at org.springframework.dao.support.PersistenceExceptionTranslationInterceptor.invoke(PersistenceExceptionTranslationInterceptor.java:136)
	at org.springframework.aop.framework.ReflectiveMethodInvocation.proceed(ReflectiveMethodInvocation.java:179)
	at org.springframework.data.jpa.repository.support.CrudMethodMetadataPostProcessor$CrudMethodMetadataPopulatingMethodInterceptor.invoke(CrudMethodMetadataPostProcessor.java:133)
	at org.springframework.aop.framework.ReflectiveMethodInvocation.proceed(ReflectiveMethodInvocation.java:179)
	at org.springframework.aop.interceptor.ExposeInvocationInterceptor.invoke(ExposeInvocationInterceptor.java:92)
	at org.springframework.aop.framework.ReflectiveMethodInvocation.proceed(ReflectiveMethodInvocation.java:179)
	at org.springframework.data.repository.core.support.SurroundingTransactionDetectorMethodInterceptor.invoke(SurroundingTransactionDetectorMethodInterceptor.java:57)
	at org.springframework.aop.framework.ReflectiveMethodInvocation.proceed(ReflectiveMethodInvocation.java:179)
	at org.springframework.aop.framework.JdkDynamicAopProxy.invoke(JdkDynamicAopProxy.java:213)
	at com.sun.proxy.$Proxy104.save(Unknown Source)
	at edu.mum.coffee.service.ProductService.save(ProductService.java:21)
	at edu.mum.coffee.service.ProductService$$FastClassBySpringCGLIB$$60d18700.invoke(<generated>)
	at org.springframework.cglib.proxy.MethodProxy.invoke(MethodProxy.java:204)
	at org.springframework.aop.framework.CglibAopProxy$CglibMethodInvocation.invokeJoinpoint(CglibAopProxy.java:738)
	at org.springframework.aop.framework.ReflectiveMethodInvocation.proceed(ReflectiveMethodInvocation.java:157)
	at org.springframework.transaction.interceptor.TransactionInterceptor$1.proceedWithInvocation(TransactionInterceptor.java:99)
	at org.springframework.transaction.interceptor.TransactionAspectSupport.invokeWithinTransaction(TransactionAspectSupport.java:282)
	at org.springframework.transaction.interceptor.TransactionInterceptor.invoke(TransactionInterceptor.java:96)
	at org.springframework.aop.framework.ReflectiveMethodInvocation.proceed(ReflectiveMethodInvocation.java:179)
	at org.springframework.aop.framework.CglibAopProxy$DynamicAdvisedInterceptor.intercept(CglibAopProxy.java:673)
	at edu.mum.coffee.service.ProductService$$EnhancerBySpringCGLIB$$24ef24da.save(<generated>)
	at edu.mum.coffee.OrderServiceTest.createProducts(OrderServiceTest.java:217)
	at edu.mum.coffee.OrderServiceTest.setUp(OrderServiceTest.java:53)
]]></error>
  </testcase>
</testsuite>